<?xml version="1.0" encoding="UTF-8"?>
<!-- Generated by org.testng.reporters.JUnitReportReporter -->
<testsuite hostname="LAPTOP-EJLT6FNF" failures="0" tests="1" name="sicrediApiTest.PostAPITest" time="1.786" errors="0" timestamp="2023-09-07T13:28:07 BRT" skipped="0">
  <testcase classname="sicrediApiTest.PostAPITest" name="validPostAPITest" time="1.786"/>
  <system-out/>
</testsuite> <!-- sicrediApiTest.PostAPITest -->
