<?xml version="1.0" encoding="UTF-8"?>
<!-- Generated by org.testng.reporters.JUnitReportReporter -->
<testsuite hostname="LAPTOP-EJLT6FNF" failures="0" tests="2" name="sicrediApiTest.GetProductsTest" time="1.070" errors="0" timestamp="2023-09-07T17:44:15 BRT" skipped="0">
  <testcase classname="sicrediApiTest.GetProductsTest" name="getProducts" time="0.540"/>
  <system-out/>
  <testcase classname="sicrediApiTest.GetProductsTest" name="getProducts404" time="0.530"/>
  <system-out/>
</testsuite> <!-- sicrediApiTest.GetProductsTest -->
