<?xml version="1.0" encoding="UTF-8"?>
<!-- Generated by org.testng.reporters.JUnitReportReporter -->
<testsuite hostname="LAPTOP-EJLT6FNF" failures="0" tests="6" name="sicrediApiTest.PostAuthTest" time="3.188" errors="0" timestamp="2023-09-07T21:31:00 BRT" skipped="0">
  <testcase classname="sicrediApiTest.PostAuthTest" name="postAuthAPITest400Body" time="0.527"/>
  <system-out/>
  <testcase classname="sicrediApiTest.PostAuthTest" name="postAuthAPITest400Password" time="0.538"/>
  <system-out/>
  <testcase classname="sicrediApiTest.PostAuthTest" name="postAuthAPITest400Headers" time="0.529"/>
  <system-out/>
  <testcase classname="sicrediApiTest.PostAuthTest" name="postAuthAPITest400Username" time="0.531"/>
  <system-out/>
  <testcase classname="sicrediApiTest.PostAuthTest" name="PostAuthAPITest" time="0.534"/>
  <system-out/>
  <testcase classname="sicrediApiTest.PostAuthTest" name="postAuthAPITest403" time="0.529"/>
  <system-out/>
</testsuite> <!-- sicrediApiTest.PostAuthTest -->
