<?xml version="1.0" encoding="UTF-8"?>
<!-- Generated by org.testng.reporters.JUnitReportReporter -->
<testsuite hostname="LAPTOP-EJLT6FNF" failures="0" tests="4" name="sicrediApiTest.PostAuthTest" time="2.116" errors="0" timestamp="2023-09-07T17:44:15 BRT" skipped="0">
  <testcase classname="sicrediApiTest.PostAuthTest" name="postAuthAPITest400Body" time="0.531"/>
  <system-out/>
  <testcase classname="sicrediApiTest.PostAuthTest" name="postAuthAPITest400Headers" time="0.529"/>
  <system-out/>
  <testcase classname="sicrediApiTest.PostAuthTest" name="PostAuthAPITest" time="0.530"/>
  <system-out/>
  <testcase classname="sicrediApiTest.PostAuthTest" name="postAuthAPITest403" time="0.526"/>
  <system-out/>
</testsuite> <!-- sicrediApiTest.PostAuthTest -->
