<?xml version="1.0" encoding="UTF-8"?>
<!-- Generated by org.testng.reporters.JUnitReportReporter -->
<testsuite hostname="LAPTOP-EJLT6FNF" failures="0" tests="2" name="sicrediApiTest.GetUsersTest" time="1.085" errors="0" timestamp="2023-09-07T21:31:00 BRT" skipped="0">
  <testcase classname="sicrediApiTest.GetUsersTest" name="getUsers404" time="0.540"/>
  <system-out/>
  <testcase classname="sicrediApiTest.GetUsersTest" name="getUsers" time="0.545"/>
  <system-out/>
</testsuite> <!-- sicrediApiTest.GetUsersTest -->
