<?xml version="1.0" encoding="UTF-8"?>
<!-- Generated by org.testng.reporters.JUnitReportReporter -->
<testsuite hostname="LAPTOP-EJLT6FNF" failures="0" tests="2" name="sicrediApiTest.GetAPITest" time="2.160" errors="0" timestamp="2023-09-07T21:31:00 BRT" skipped="0">
  <testcase classname="sicrediApiTest.GetAPITest" name="getTest400" time="0.551"/>
  <system-out/>
  <testcase classname="sicrediApiTest.GetAPITest" name="getTest" time="1.609"/>
  <system-out/>
</testsuite> <!-- sicrediApiTest.GetAPITest -->
