<?xml version="1.0" encoding="UTF-8"?>
<!-- Generated by org.testng.reporters.JUnitReportReporter -->
<testsuite hostname="LAPTOP-EJLT6FNF" failures="0" tests="3" name="sicrediApiTest.PostProductsTest" time="1.586" errors="0" timestamp="2023-09-07T17:44:15 BRT" skipped="0">
  <testcase classname="sicrediApiTest.PostProductsTest" name="postProductsAPITest404" time="0.529"/>
  <system-out/>
  <testcase classname="sicrediApiTest.PostProductsTest" name="postProductsAPITest400Body" time="0.528"/>
  <system-out/>
  <testcase classname="sicrediApiTest.PostProductsTest" name="postProductsAPITest" time="0.529"/>
  <system-out/>
</testsuite> <!-- sicrediApiTest.PostProductsTest -->
