<?xml version="1.0" encoding="UTF-8"?>
<!-- Generated by org.testng.reporters.JUnitReportReporter -->
<testsuite hostname="LAPTOP-EJLT6FNF" failures="0" tests="1" name="baseTest.BaseTest" time="0.569" errors="0" timestamp="2023-09-06T21:32:43 BRT" skipped="0">
  <testcase classname="baseTest.BaseTest" name="baseTest" time="0.569"/>
  <system-out/>
</testsuite> <!-- baseTest.BaseTest -->
