<?xml version="1.0" encoding="UTF-8"?>
<!-- Generated by org.testng.reporters.JUnitReportReporter -->
<testsuite hostname="LAPTOP-EJLT6FNF" failures="0" tests="2" name="sicrediApiTest.GetAPITest" time="2.045" errors="0" timestamp="2023-09-07T17:44:15 BRT" skipped="0">
  <testcase classname="sicrediApiTest.GetAPITest" name="getTest400" time="0.541"/>
  <system-out/>
  <testcase classname="sicrediApiTest.GetAPITest" name="getTest" time="1.504"/>
  <system-out/>
</testsuite> <!-- sicrediApiTest.GetAPITest -->
