<?xml version="1.0" encoding="UTF-8"?>
<!-- Generated by org.testng.reporters.JUnitReportReporter -->
<testsuite hostname="LAPTOP-EJLT6FNF" failures="0" tests="2" name="sicrediApiTest.GetProductsTestById" time="1.741" errors="0" timestamp="2023-09-07T21:31:00 BRT" skipped="0">
  <testcase classname="sicrediApiTest.GetProductsTestById" name="getProductsById404" time="0.866"/>
  <system-out/>
  <testcase classname="sicrediApiTest.GetProductsTestById" name="getProductsById" time="0.875"/>
  <system-out/>
</testsuite> <!-- sicrediApiTest.GetProductsTestById -->
