<?xml version="1.0" encoding="UTF-8"?>
<!-- Generated by org.testng.reporters.JUnitReportReporter -->
<testsuite hostname="LAPTOP-EJLT6FNF" failures="0" tests="4" name="sicrediApiTest.GetAuthTest" time="4.938" errors="0" timestamp="2023-09-07T21:31:00 BRT" skipped="0">
  <testcase classname="sicrediApiTest.GetAuthTest" name="getAuth403" time="1.080"/>
  <system-out/>
  <testcase classname="sicrediApiTest.GetAuthTest" name="getAuth" time="1.094"/>
  <system-out/>
  <testcase classname="sicrediApiTest.GetAuthTest" name="getAuth404" time="1.689"/>
  <system-out/>
  <testcase classname="sicrediApiTest.GetAuthTest" name="getAuth500" time="1.075"/>
  <system-out/>
</testsuite> <!-- sicrediApiTest.GetAuthTest -->
