<?xml version="1.0" encoding="UTF-8"?>
<!-- Generated by org.testng.reporters.JUnitReportReporter -->
<testsuite hostname="LAPTOP-EJLT6FNF" failures="0" tests="5" name="sicrediApiTest.GetAPITests" time="3.557" errors="0" timestamp="2023-09-07T10:31:54 BRT" skipped="0">
  <testcase classname="sicrediApiTest.GetAPITests" name="getProducts" time="0.540"/>
  <system-out/>
  <testcase classname="sicrediApiTest.GetAPITests" name="getTest" time="0.549"/>
  <system-out/>
  <testcase classname="sicrediApiTest.GetAPITests" name="getAuth" time="1.401"/>
  <system-out/>
  <testcase classname="sicrediApiTest.GetAPITests" name="getUsers" time="0.529"/>
  <system-out/>
  <testcase classname="sicrediApiTest.GetAPITests" name="getProductsById" time="0.538"/>
  <system-out/>
</testsuite> <!-- sicrediApiTest.GetAPITests -->
