<?xml version="1.0" encoding="UTF-8"?>
<!-- Generated by org.testng.reporters.JUnitReportReporter -->
<testsuite hostname="LAPTOP-EJLT6FNF" failures="0" tests="4" name="sicrediApiTest.GetAuthTest" time="4.925" errors="0" timestamp="2023-09-07T17:44:15 BRT" skipped="0">
  <testcase classname="sicrediApiTest.GetAuthTest" name="getAuth403" time="1.076"/>
  <system-out/>
  <testcase classname="sicrediApiTest.GetAuthTest" name="getAuth" time="1.084"/>
  <system-out/>
  <testcase classname="sicrediApiTest.GetAuthTest" name="getAuth404" time="1.685"/>
  <system-out/>
  <testcase classname="sicrediApiTest.GetAuthTest" name="getAuth500" time="1.080"/>
  <system-out/>
</testsuite> <!-- sicrediApiTest.GetAuthTest -->
